# Photometer filter log - 05/20/2025 13:14:20
# Major Minor   ILavg   lastRGB  lastILavg  relChange  absChange
     0   1       0.257  #000000     0.000
     0   1       0.257  #000000     0.000
     0   1       0.257  #000000     0.000
     0   1       0.257  #000000     0.000
    15   1       1.306  #0f0f0f     0.000
    30   1       3.735  #1e1e1e     0.000
    45   1       8.271  #2d2d2d     0.000
    60   1      15.749  #3c3c3c     0.000
    75   1      25.376  #4b4b4b     0.000
    90   1      38.249  #5a5a5a     0.000
   105   1      53.712  #696969     0.000
   120   1      71.517  #787878     0.000
   135   1      93.925  #878787     0.000
   150   1     128.356  #969696     0.000
   165   1     155.734  #a5a5a5     0.000
   180   1     184.450  #b4b4b4     0.000
   195   1     216.016  #c3c3c3     0.000
   210   1     252.873  #d2d2d2     0.000
   225   1     298.196  #e1e1e1     0.000
   240   1     345.620  #f0f0f0     0.000
   255   1     391.628  #ffffff     0.000
