# Photometer filter log - 05/20/2025 09:50:38
# Major Minor   ILavg   lastRGB  lastILavg  relChange  absChange
     0   1       0.239  #000000     0.000
     0   1       0.239  #000000     0.000
     0   1       0.239  #000000     0.000
     0   1       0.239  #000000     0.000
    15   1       1.525  #0f0f0f     0.000
    30   1       4.580  #1e1e1e     0.000
    45   1      10.296  #2d2d2d     0.000
    60   1      19.565  #3c3c3c     0.000
    75   1      30.936  #4b4b4b     0.000
    90   1      46.695  #5a5a5a     0.000
   105   1      65.565  #696969     0.000
   120   1      86.878  #787878     0.000
   135   1     113.015  #878787     0.000
   150   1     143.641  #969696     0.000
   165   1     174.313  #a5a5a5     0.000
   180   1     206.019  #b4b4b4     0.000
   195   1     241.205  #c3c3c3     0.000
   210   1     283.905  #d2d2d2     0.000
   225   1     334.303  #e1e1e1     0.000
   240   1     388.871  #f0f0f0     0.000
   255   1     434.010  #ffffff     0.000
